524426 execve("/usr/bin/gcc", ["gcc", "-o", "main", "main.c"], 0x7fff50266a50 /* 94 vars */) = 0
524427 execve("/usr/lib/gcc/x86_64-linux-gnu/11/cc1", ["/usr/lib/gcc/x86_64-linux-gnu/11/cc1", "-quiet", "-imultiarch", "x86_64-linux-gnu", "main.c", "-quiet", "-dumpbase", "main.c", "-dumpbase-ext", ".c", "-mtune=generic", "-march=x86-64", "-fasynchronous-unwind-tables", "-fstack-protector-strong", "-Wformat", "-Wformat-security", "-fstack-clash-protection", "-fcf-protection", "-o", "/tmp/ccI3Yakg.s"], 0x14552e0 /* 99 vars */) = 0
524427 +++ exited with 0 +++
524426 --- SIGCHLD {si_signo=SIGCHLD, si_code=CLD_EXITED, si_pid=524427, si_uid=1000, si_status=0, si_utime=2, si_stime=2} ---
524428 execve("/home/tir/.pyenv/shims/as", ["as", "--64", "-o", "/tmp/ccz6cjWH.o", "/tmp/ccI3Yakg.s"], 0x14552e0 /* 99 vars */) = -1 ENOENT (No such file or directory)
524428 execve("/home/tir/.local/bin/as", ["as", "--64", "-o", "/tmp/ccz6cjWH.o", "/tmp/ccI3Yakg.s"], 0x14552e0 /* 99 vars */) = -1 ENOENT (No such file or directory)
524428 execve("/home/tir/.pyenv/bin/as", ["as", "--64", "-o", "/tmp/ccz6cjWH.o", "/tmp/ccI3Yakg.s"], 0x14552e0 /* 99 vars */) = -1 ENOENT (No such file or directory)
524428 execve("/home/tir/go/bin/as", ["as", "--64", "-o", "/tmp/ccz6cjWH.o", "/tmp/ccI3Yakg.s"], 0x14552e0 /* 99 vars */) = -1 ENOENT (No such file or directory)
524428 execve("/usr/local/go/bin/as", ["as", "--64", "-o", "/tmp/ccz6cjWH.o", "/tmp/ccI3Yakg.s"], 0x14552e0 /* 99 vars */) = -1 ENOENT (No such file or directory)
524428 execve("/home/tir/.cargo/bin/as", ["as", "--64", "-o", "/tmp/ccz6cjWH.o", "/tmp/ccI3Yakg.s"], 0x14552e0 /* 99 vars */) = -1 ENOENT (No such file or directory)
524428 execve("/home/tir/go/bin/as", ["as", "--64", "-o", "/tmp/ccz6cjWH.o", "/tmp/ccI3Yakg.s"], 0x14552e0 /* 99 vars */) = -1 ENOENT (No such file or directory)
524428 execve("/usr/local/sbin/as", ["as", "--64", "-o", "/tmp/ccz6cjWH.o", "/tmp/ccI3Yakg.s"], 0x14552e0 /* 99 vars */) = -1 ENOENT (No such file or directory)
524428 execve("/usr/local/bin/as", ["as", "--64", "-o", "/tmp/ccz6cjWH.o", "/tmp/ccI3Yakg.s"], 0x14552e0 /* 99 vars */) = -1 ENOENT (No such file or directory)
524428 execve("/home/tir/bin/as", ["as", "--64", "-o", "/tmp/ccz6cjWH.o", "/tmp/ccI3Yakg.s"], 0x14552e0 /* 99 vars */) = -1 ENOENT (No such file or directory)
524428 execve("/home/tir/.local/bin/as", ["as", "--64", "-o", "/tmp/ccz6cjWH.o", "/tmp/ccI3Yakg.s"], 0x14552e0 /* 99 vars */) = -1 ENOENT (No such file or directory)
524428 execve("/home/tir/.pyenv/bin/as", ["as", "--64", "-o", "/tmp/ccz6cjWH.o", "/tmp/ccI3Yakg.s"], 0x14552e0 /* 99 vars */) = -1 ENOENT (No such file or directory)
524428 execve("/home/tir/go/bin/as", ["as", "--64", "-o", "/tmp/ccz6cjWH.o", "/tmp/ccI3Yakg.s"], 0x14552e0 /* 99 vars */) = -1 ENOENT (No such file or directory)
524428 execve("/usr/local/go/bin/as", ["as", "--64", "-o", "/tmp/ccz6cjWH.o", "/tmp/ccI3Yakg.s"], 0x14552e0 /* 99 vars */) = -1 ENOENT (No such file or directory)
524428 execve("/home/tir/.cargo/bin/as", ["as", "--64", "-o", "/tmp/ccz6cjWH.o", "/tmp/ccI3Yakg.s"], 0x14552e0 /* 99 vars */) = -1 ENOENT (No such file or directory)
524428 execve("/home/tir/go/bin/as", ["as", "--64", "-o", "/tmp/ccz6cjWH.o", "/tmp/ccI3Yakg.s"], 0x14552e0 /* 99 vars */) = -1 ENOENT (No such file or directory)
524428 execve("/usr/local/sbin/as", ["as", "--64", "-o", "/tmp/ccz6cjWH.o", "/tmp/ccI3Yakg.s"], 0x14552e0 /* 99 vars */) = -1 ENOENT (No such file or directory)
524428 execve("/usr/local/bin/as", ["as", "--64", "-o", "/tmp/ccz6cjWH.o", "/tmp/ccI3Yakg.s"], 0x14552e0 /* 99 vars */) = -1 ENOENT (No such file or directory)
524428 execve("/home/tir/bin/as", ["as", "--64", "-o", "/tmp/ccz6cjWH.o", "/tmp/ccI3Yakg.s"], 0x14552e0 /* 99 vars */) = -1 ENOENT (No such file or directory)
524428 execve("/home/tir/.cargo/bin/as", ["as", "--64", "-o", "/tmp/ccz6cjWH.o", "/tmp/ccI3Yakg.s"], 0x14552e0 /* 99 vars */) = -1 ENOENT (No such file or directory)
524428 execve("/home/tir/.local/bin/as", ["as", "--64", "-o", "/tmp/ccz6cjWH.o", "/tmp/ccI3Yakg.s"], 0x14552e0 /* 99 vars */) = -1 ENOENT (No such file or directory)
524428 execve("/home/tir/bin/as", ["as", "--64", "-o", "/tmp/ccz6cjWH.o", "/tmp/ccI3Yakg.s"], 0x14552e0 /* 99 vars */) = -1 ENOENT (No such file or directory)
524428 execve("/usr/local/sbin/as", ["as", "--64", "-o", "/tmp/ccz6cjWH.o", "/tmp/ccI3Yakg.s"], 0x14552e0 /* 99 vars */) = -1 ENOENT (No such file or directory)
524428 execve("/usr/local/bin/as", ["as", "--64", "-o", "/tmp/ccz6cjWH.o", "/tmp/ccI3Yakg.s"], 0x14552e0 /* 99 vars */) = -1 ENOENT (No such file or directory)
524428 execve("/usr/sbin/as", ["as", "--64", "-o", "/tmp/ccz6cjWH.o", "/tmp/ccI3Yakg.s"], 0x14552e0 /* 99 vars */) = -1 ENOENT (No such file or directory)
524428 execve("/usr/bin/as", ["as", "--64", "-o", "/tmp/ccz6cjWH.o", "/tmp/ccI3Yakg.s"], 0x14552e0 /* 99 vars */) = 0
524428 +++ exited with 0 +++
524426 --- SIGCHLD {si_signo=SIGCHLD, si_code=CLD_EXITED, si_pid=524428, si_uid=1000, si_status=0, si_utime=0, si_stime=1} ---
524429 execve("/usr/lib/gcc/x86_64-linux-gnu/11/collect2", ["/usr/lib/gcc/x86_64-linux-gnu/11/collect2", "-plugin", "/usr/lib/gcc/x86_64-linux-gnu/11/liblto_plugin.so", "-plugin-opt=/usr/lib/gcc/x86_64-linux-gnu/11/lto-wrapper", "-plugin-opt=-fresolution=/tmp/ccDFiuPU.res", "-plugin-opt=-pass-through=-lgcc", "-plugin-opt=-pass-through=-lgcc_s", "-plugin-opt=-pass-through=-lc", "-plugin-opt=-pass-through=-lgcc", "-plugin-opt=-pass-through=-lgcc_s", "--build-id", "--eh-frame-hdr", "-m", "elf_x86_64", "--hash-style=gnu", "--as-needed", "-dynamic-linker", "/lib64/ld-linux-x86-64.so.2", "-pie", "-z", "now", "-z", "relro", "-o", "main", "/usr/lib/gcc/x86_64-linux-gnu/11/../../../x86_64-linux-gnu/Scrt1.o", "/usr/lib/gcc/x86_64-linux-gnu/11/../../../x86_64-linux-gnu/crti.o", "/usr/lib/gcc/x86_64-linux-gnu/11/crtbeginS.o", "-L/usr/lib/gcc/x86_64-linux-gnu/11", "-L/usr/lib/gcc/x86_64-linux-gnu/11/../../../x86_64-linux-gnu", "-L/usr/lib/gcc/x86_64-linux-gnu/11/../../../../lib", "-L/lib/x86_64-linux-gnu", "-L/lib/../lib", "-L/usr/lib/x86_64-linux-gnu", "-L/usr/lib/../lib", "-L/usr/lib/gcc/x86_64-linux-gnu/11/../../..", "/tmp/ccz6cjWH.o", "-lgcc", "--push-state", "--as-needed", "-lgcc_s", "--pop-state", "-lc", "-lgcc", "--push-state", "--as-needed", "-lgcc_s", "--pop-state", "/usr/lib/gcc/x86_64-linux-gnu/11/crtendS.o", "/usr/lib/gcc/x86_64-linux-gnu/11/../../../x86_64-linux-gnu/crtn.o"], 0x1455950 /* 101 vars */) = 0
524430 execve("/usr/bin/ld", ["/usr/bin/ld", "-plugin", "/usr/lib/gcc/x86_64-linux-gnu/11/liblto_plugin.so", "-plugin-opt=/usr/lib/gcc/x86_64-linux-gnu/11/lto-wrapper", "-plugin-opt=-fresolution=/tmp/ccDFiuPU.res", "-plugin-opt=-pass-through=-lgcc", "-plugin-opt=-pass-through=-lgcc_s", "-plugin-opt=-pass-through=-lc", "-plugin-opt=-pass-through=-lgcc", "-plugin-opt=-pass-through=-lgcc_s", "--build-id", "--eh-frame-hdr", "-m", "elf_x86_64", "--hash-style=gnu", "--as-needed", "-dynamic-linker", "/lib64/ld-linux-x86-64.so.2", "-pie", "-z", "now", "-z", "relro", "-o", "main", "/usr/lib/gcc/x86_64-linux-gnu/11/../../../x86_64-linux-gnu/Scrt1.o", "/usr/lib/gcc/x86_64-linux-gnu/11/../../../x86_64-linux-gnu/crti.o", "/usr/lib/gcc/x86_64-linux-gnu/11/crtbeginS.o", "-L/usr/lib/gcc/x86_64-linux-gnu/11", "-L/usr/lib/gcc/x86_64-linux-gnu/11/../../../x86_64-linux-gnu", "-L/usr/lib/gcc/x86_64-linux-gnu/11/../../../../lib", "-L/lib/x86_64-linux-gnu", "-L/lib/../lib", "-L/usr/lib/x86_64-linux-gnu", "-L/usr/lib/../lib", "-L/usr/lib/gcc/x86_64-linux-gnu/11/../../..", "/tmp/ccz6cjWH.o", "-lgcc", "--push-state", "--as-needed", "-lgcc_s", "--pop-state", "-lc", "-lgcc", "--push-state", "--as-needed", "-lgcc_s", "--pop-state", "/usr/lib/gcc/x86_64-linux-gnu/11/crtendS.o", "/usr/lib/gcc/x86_64-linux-gnu/11/../../../x86_64-linux-gnu/crtn.o"], 0x7ffe95b22770 /* 101 vars */) = 0
524430 +++ exited with 0 +++
524429 --- SIGCHLD {si_signo=SIGCHLD, si_code=CLD_EXITED, si_pid=524430, si_uid=1000, si_status=0, si_utime=4, si_stime=2} ---
524429 +++ exited with 0 +++
524426 --- SIGCHLD {si_signo=SIGCHLD, si_code=CLD_EXITED, si_pid=524429, si_uid=1000, si_status=0, si_utime=0, si_stime=0} ---
524426 +++ exited with 0 +++
